<?xml version="1.0" encoding="utf-8"?><testsuites name="pytest tests"><testsuite name="pytest" errors="4" failures="0" skipped="0" tests="4" time="1.155" timestamp="2025-06-23T20:54:18.931828+00:00" hostname="860ccdba2723"><testcase classname="" name="tests.validation.test_document_ingestion_comprehensive_validation" time="0.000"><error message="collection failure">ImportError while importing test module '/home/lab/docaiche/tests/validation/test_document_ingestion_comprehensive_validation.py'.
Hint: make sure your test modules/packages have valid Python names.
Traceback:
/usr/lib/python3.10/importlib/__init__.py:126: in import_module
    return _bootstrap._gcd_import(name[level:], package, level)
tests/validation/test_document_ingestion_comprehensive_validation.py:26: in &lt;module&gt;
    from src.ingestion.pipeline import IngestionPipeline, create_ingestion_pipeline
src/ingestion/pipeline.py:15: in &lt;module&gt;
    from src.processors.content_processor import ContentProcessor, FileContent
src/processors/__init__.py:6: in &lt;module&gt;
    from .content_processor import ContentProcessor, FileContent, ScrapedContent
E   ImportError: cannot import name 'FileContent' from 'src.processors.content_processor' (/home/lab/docaiche/src/processors/content_processor.py)</error></testcase><testcase classname="" name="tests.validation.test_document_ingestion_final_production_approval" time="0.000"><error message="collection failure">ImportError while importing test module '/home/lab/docaiche/tests/validation/test_document_ingestion_final_production_approval.py'.
Hint: make sure your test modules/packages have valid Python names.
Traceback:
/usr/lib/python3.10/importlib/__init__.py:126: in import_module
    return _bootstrap._gcd_import(name[level:], package, level)
tests/validation/test_document_ingestion_final_production_approval.py:27: in &lt;module&gt;
    from src.ingestion.pipeline import IngestionPipeline, create_ingestion_pipeline
src/ingestion/pipeline.py:15: in &lt;module&gt;
    from src.processors.content_processor import ContentProcessor, FileContent
E   ImportError: cannot import name 'FileContent' from 'src.processors.content_processor' (/home/lab/docaiche/src/processors/content_processor.py)</error></testcase><testcase classname="" name="tests.validation.test_document_ingestion_final_production_validation" time="0.000"><error message="collection failure">ImportError while importing test module '/home/lab/docaiche/tests/validation/test_document_ingestion_final_production_validation.py'.
Hint: make sure your test modules/packages have valid Python names.
Traceback:
/usr/lib/python3.10/importlib/__init__.py:126: in import_module
    return _bootstrap._gcd_import(name[level:], package, level)
tests/validation/test_document_ingestion_final_production_validation.py:14: in &lt;module&gt;
    from src.ingestion.pipeline import IngestionPipeline, create_ingestion_pipeline
src/ingestion/pipeline.py:15: in &lt;module&gt;
    from src.processors.content_processor import ContentProcessor, FileContent
E   ImportError: cannot import name 'FileContent' from 'src.processors.content_processor' (/home/lab/docaiche/src/processors/content_processor.py)</error></testcase><testcase classname="" name="tests.validation.test_document_ingestion_production_blocker_assessment" time="0.000"><error message="collection failure">ImportError while importing test module '/home/lab/docaiche/tests/validation/test_document_ingestion_production_blocker_assessment.py'.
Hint: make sure your test modules/packages have valid Python names.
Traceback:
/usr/lib/python3.10/importlib/__init__.py:126: in import_module
    return _bootstrap._gcd_import(name[level:], package, level)
tests/validation/test_document_ingestion_production_blocker_assessment.py:11: in &lt;module&gt;
    from src.api.v1.ingestion import get_ingestion_pipeline
E   ImportError: cannot import name 'get_ingestion_pipeline' from 'src.api.v1.ingestion' (/home/lab/docaiche/src/api/v1/ingestion.py)</error></testcase></testsuite></testsuites>